
[94mall       [0m[1;31m(doc.txt)[0m
          let me begin by saying thanks to [93mall[0m you whove traveled from far and wide to brave the cold today
          we [93mall[0m made this journey for a reason

[94mand       [0m[1;31m(doc.txt)[0m
          let me begin by saying thanks to all you whove traveled from far [93mand[0m wide to brave the cold today

[94mbecause   [0m[1;31m(doc.txt)[0m
          its humbling but in my heart i know you didnt come here just for me you came here [93mbecause[0m you believe in what this country can be

[94mbegin     [0m[1;31m(doc.txt)[0m
          let me [93mbegin[0m by saying thanks to all you whove traveled from far and wide to brave the cold today

[94mbelieve   [0m[1;31m(doc.txt)[0m
          in the face of war you [93mbelieve[0m there can be peace
          in the face of a politics thats shut you out thats told you to settle thats divided us for too long you [93mbelieve[0m we can be one people reaching for whats possible building that more perfect union
          its humbling but in my heart i know you didnt come here just for me you came here because you [93mbelieve[0m in what this country can be
          in the face of despair you [93mbelieve[0m there can be hope

[94mbrave     [0m[1;31m(doc.txt)[0m
          let me begin by saying thanks to all you whove traveled from far and wide to [93mbrave[0m the cold today

[94mbuilding  [0m[1;31m(doc.txt)[0m
          in the face of a politics thats shut you out thats told you to settle thats divided us for too long you believe we can be one people reaching for whats possible [93mbuilding[0m that more perfect union

[94mbut       [0m[1;31m(doc.txt)[0m
          its humbling [93mbut[0m in my heart i know you didnt come here just for me you came here because you believe in what this country can be

[94mcame      [0m[1;31m(doc.txt)[0m
          its humbling but in my heart i know you didnt come here just for me you [93mcame[0m here because you believe in what this country can be

[94mcan       [0m[1;31m(doc.txt)[0m
          in the face of war you believe there [93mcan[0m be peace
          its humbling but in my heart i know you didnt come here just for me you came here because you believe in what this country [93mcan[0m be
          in the face of a politics thats shut you out thats told you to settle thats divided us for too long you believe we [93mcan[0m be one people reaching for whats possible building that more perfect union
          in the face of despair you believe there [93mcan[0m be hope

[94mcold      [0m[1;31m(doc.txt)[0m
          let me begin by saying thanks to all you whove traveled from far and wide to brave the [93mcold[0m today

[94mcome      [0m[1;31m(doc.txt)[0m
          its humbling but in my heart i know you didnt [93mcome[0m here just for me you came here because you believe in what this country can be

[94mcountry   [0m[1;31m(doc.txt)[0m
          its humbling but in my heart i know you didnt come here just for me you came here because you believe in what this [93mcountry[0m can be

[94mdespair   [0m[1;31m(doc.txt)[0m
          in the face of [93mdespair[0m you believe there can be hope

[94mdidnt     [0m[1;31m(doc.txt)[0m
          its humbling but in my heart i know you [93mdidnt[0m come here just for me you came here because you believe in what this country can be

[94mdivided   [0m[1;31m(doc.txt)[0m
          in the face of a politics thats shut you out thats told you to settle thats [93mdivided[0m us for too long you believe we can be one people reaching for whats possible building that more perfect union

[94mface      [0m[1;31m(doc.txt)[0m
          in the [93mface[0m of war you believe there can be peace
          in the [93mface[0m of despair you believe there can be hope
          in the [93mface[0m of a politics thats shut you out thats told you to settle thats divided us for too long you believe we can be one people reaching for whats possible building that more perfect union

[94mfar       [0m[1;31m(doc.txt)[0m
          let me begin by saying thanks to all you whove traveled from [93mfar[0m and wide to brave the cold today

[94mfor       [0m[1;31m(doc.txt)[0m
          in the face of a politics thats shut you out thats told you to settle thats divided us [93mfor[0m too long you believe we can be one people reaching [93mfor[0m whats possible building that more perfect union
          we all made this journey [93mfor[0m a reason
          its humbling but in my heart i know you didnt come here just [93mfor[0m me you came here because you believe in what this country can be

[94mfrom      [0m[1;31m(doc.txt)[0m
          let me begin by saying thanks to all you whove traveled [93mfrom[0m far and wide to brave the cold today

[94mheart     [0m[1;31m(doc.txt)[0m
          its humbling but in my [93mheart[0m i know you didnt come here just for me you came here because you believe in what this country can be

[94mhere      [0m[1;31m(doc.txt)[0m
          its humbling but in my heart i know you didnt come [93mhere[0m just for me you came [93mhere[0m because you believe in what this country can be

[94mhope      [0m[1;31m(doc.txt)[0m
          in the face of despair you believe there can be [93mhope[0m

[94mhumbling  [0m[1;31m(doc.txt)[0m
          its [93mhumbling[0m but in my heart i know you didnt come here just for me you came here because you believe in what this country can be

[94mits       [0m[1;31m(doc.txt)[0m
          [93mits[0m humbling but in my heart i know you didnt come here just for me you came here because you believe in what this country can be

[94mjourney   [0m[1;31m(doc.txt)[0m
          we all made this [93mjourney[0m for a reason

[94mjust      [0m[1;31m(doc.txt)[0m
          its humbling but in my heart i know you didnt come here [93mjust[0m for me you came here because you believe in what this country can be

[94mknow      [0m[1;31m(doc.txt)[0m
          its humbling but in my heart i [93mknow[0m you didnt come here just for me you came here because you believe in what this country can be

[94mlet       [0m[1;31m(doc.txt)[0m
          [93mlet[0m me begin by saying thanks to all you whove traveled from far and wide to brave the cold today

[94mlong      [0m[1;31m(doc.txt)[0m
          in the face of a politics thats shut you out thats told you to settle thats divided us for too [93mlong[0m you believe we can be one people reaching for whats possible building that more perfect union

[94mmade      [0m[1;31m(doc.txt)[0m
          we all [93mmade[0m this journey for a reason

[94mmore      [0m[1;31m(doc.txt)[0m
          in the face of a politics thats shut you out thats told you to settle thats divided us for too long you believe we can be one people reaching for whats possible building that [93mmore[0m perfect union

[94mone       [0m[1;31m(doc.txt)[0m
          in the face of a politics thats shut you out thats told you to settle thats divided us for too long you believe we can be [93mone[0m people reaching for whats possible building that more perfect union

[94mout       [0m[1;31m(doc.txt)[0m
          in the face of a politics thats shut you [93mout[0m thats told you to settle thats divided us for too long you believe we can be one people reaching for whats possible building that more perfect union

[94mpeace     [0m[1;31m(doc.txt)[0m
          in the face of war you believe there can be [93mpeace[0m

[94mpeople    [0m[1;31m(doc.txt)[0m
          in the face of a politics thats shut you out thats told you to settle thats divided us for too long you believe we can be one [93mpeople[0m reaching for whats possible building that more perfect union

[94mperfect   [0m[1;31m(doc.txt)[0m
          in the face of a politics thats shut you out thats told you to settle thats divided us for too long you believe we can be one people reaching for whats possible building that more [93mperfect[0m union

[94mpolitics  [0m[1;31m(doc.txt)[0m
          in the face of a [93mpolitics[0m thats shut you out thats told you to settle thats divided us for too long you believe we can be one people reaching for whats possible building that more perfect union

[94mpossible  [0m[1;31m(doc.txt)[0m
          in the face of a politics thats shut you out thats told you to settle thats divided us for too long you believe we can be one people reaching for whats [93mpossible[0m building that more perfect union

[94mreaching  [0m[1;31m(doc.txt)[0m
          in the face of a politics thats shut you out thats told you to settle thats divided us for too long you believe we can be one people [93mreaching[0m for whats possible building that more perfect union

[94mreason    [0m[1;31m(doc.txt)[0m
          we all made this journey for a [93mreason[0m

[94msaying    [0m[1;31m(doc.txt)[0m
          let me begin by [93msaying[0m thanks to all you whove traveled from far and wide to brave the cold today

[94msettle    [0m[1;31m(doc.txt)[0m
          in the face of a politics thats shut you out thats told you to [93msettle[0m thats divided us for too long you believe we can be one people reaching for whats possible building that more perfect union

[94mshut      [0m[1;31m(doc.txt)[0m
          in the face of a politics thats [93mshut[0m you out thats told you to settle thats divided us for too long you believe we can be one people reaching for whats possible building that more perfect union

[94mthanks    [0m[1;31m(doc.txt)[0m
          let me begin by saying [93mthanks[0m to all you whove traveled from far and wide to brave the cold today

[94mthat      [0m[1;31m(doc.txt)[0m
          in the face of a politics [93mthat[0ms shut you out [93mthat[0ms told you to settle [93mthat[0ms divided us for too long you believe we can be one people reaching for whats possible building [93mthat[0m more perfect union

[94mthats     [0m[1;31m(doc.txt)[0m
          in the face of a politics [93mthats[0m shut you out [93mthats[0m told you to settle [93mthats[0m divided us for too long you believe we can be one people reaching for whats possible building that more perfect union

[94mthe       [0m[1;31m(doc.txt)[0m
          in [93mthe[0m face of war you believe [93mthe[0mre can be peace
          in [93mthe[0m face of despair you believe [93mthe[0mre can be hope
          let me begin by saying thanks to all you whove traveled from far and wide to brave [93mthe[0m cold today
          in [93mthe[0m face of a politics thats shut you out thats told you to settle thats divided us for too long you believe we can be one people reaching for whats possible building that more perfect union

[94mthere     [0m[1;31m(doc.txt)[0m
          in the face of war you believe [93mthere[0m can be peace
          in the face of despair you believe [93mthere[0m can be hope

[94mthis      [0m[1;31m(doc.txt)[0m
          its humbling but in my heart i know you didnt come here just for me you came here because you believe in what [93mthis[0m country can be
          we all made [93mthis[0m journey for a reason

[94mtoday     [0m[1;31m(doc.txt)[0m
          let me begin by saying thanks to all you whove traveled from far and wide to brave the cold [93mtoday[0m

[94mtold      [0m[1;31m(doc.txt)[0m
          in the face of a politics thats shut you out thats [93mtold[0m you to settle thats divided us for too long you believe we can be one people reaching for whats possible building that more perfect union

[94mtoo       [0m[1;31m(doc.txt)[0m
          in the face of a politics thats shut you out thats told you to settle thats divided us for [93mtoo[0m long you believe we can be one people reaching for whats possible building that more perfect union

[94mtraveled  [0m[1;31m(doc.txt)[0m
          let me begin by saying thanks to all you whove [93mtraveled[0m from far and wide to brave the cold today

[94munion     [0m[1;31m(doc.txt)[0m
          in the face of a politics thats shut you out thats told you to settle thats divided us for too long you believe we can be one people reaching for whats possible building that more perfect [93munion[0m

[94mwar       [0m[1;31m(doc.txt)[0m
          in the face of [93mwar[0m you believe there can be peace

[94mwhat      [0m[1;31m(doc.txt)[0m
          its humbling but in my heart i know you didnt come here just for me you came here because you believe in [93mwhat[0m this country can be

[94mwhats     [0m[1;31m(doc.txt)[0m
          in the face of a politics thats shut you out thats told you to settle thats divided us for too long you believe we can be one people reaching for [93mwhats[0m possible building that more perfect union

[94mwhove     [0m[1;31m(doc.txt)[0m
          let me begin by saying thanks to all you [93mwhove[0m traveled from far and wide to brave the cold today

[94mwide      [0m[1;31m(doc.txt)[0m
          let me begin by saying thanks to all you whove traveled from far and [93mwide[0m to brave the cold today

[94myou       [0m[1;31m(doc.txt)[0m
          let me begin by saying thanks to all [93myou[0m whove traveled from far and wide to brave the cold today
          its humbling but in my heart i know [93myou[0m didnt come here just for me [93myou[0m came here because [93myou[0m believe in what this country can be
          in the face of a politics thats shut [93myou[0m out thats told [93myou[0m to settle thats divided us for too long [93myou[0m believe we can be one people reaching for whats possible building that more perfect union
          in the face of war [93myou[0m believe there can be peace
          in the face of despair [93myou[0m believe there can be hope
